{"contracts/FamilyFeudPoll.sol":{"l":{"22":1,"23":1,"25":1,"27":1,"31":1,"35":1,"39":3,"41":3,"42":1,"43":1,"44":1,"47":3,"48":2,"49":2,"51":2,"53":2,"56":1,"66":1},"path":"/Users/jlynch/Git-Projects/Decentralized-Family-Feud-Poll/contracts/FamilyFeudPoll.sol","s":{"1":1,"2":1,"3":1,"4":1,"5":1,"6":3,"7":3,"8":1,"9":1,"10":3,"11":2,"12":2,"13":2,"14":1},"b":{"1":[1,2],"2":[2,1]},"f":{"1":1,"2":1,"3":1,"4":3,"5":1},"fnMap":{"1":{"name":"submitQuestion","line":21,"loc":{"start":{"line":21,"column":4},"end":{"line":28,"column":4}}},"2":{"name":"getQuestionStrings","line":30,"loc":{"start":{"line":30,"column":4},"end":{"line":32,"column":4}}},"3":{"name":"getQuestionIds","line":34,"loc":{"start":{"line":34,"column":4},"end":{"line":36,"column":4}}},"4":{"name":"submitAnswer","line":38,"loc":{"start":{"line":38,"column":4},"end":{"line":59,"column":4}}},"5":{"name":"getQuestionStats","line":61,"loc":{"start":{"line":61,"column":4},"end":{"line":70,"column":4}}}},"statementMap":{"1":{"start":{"line":22,"column":8},"end":{"line":22,"column":37}},"2":{"start":{"line":23,"column":8},"end":{"line":23,"column":42}},"3":{"start":{"line":27,"column":8},"end":{"line":27,"column":31}},"4":{"start":{"line":31,"column":8},"end":{"line":31,"column":30}},"5":{"start":{"line":35,"column":8},"end":{"line":35,"column":26}},"6":{"start":{"line":39,"column":8},"end":{"line":39,"column":63}},"7":{"start":{"line":41,"column":8},"end":{"line":41,"column":1134}},"8":{"start":{"line":42,"column":12},"end":{"line":42,"column":39}},"9":{"start":{"line":43,"column":12},"end":{"line":43,"column":42}},"10":{"start":{"line":47,"column":8},"end":{"line":47,"column":1323}},"11":{"start":{"line":48,"column":12},"end":{"line":48,"column":43}},"12":{"start":{"line":49,"column":12},"end":{"line":49,"column":42}},"13":{"start":{"line":51,"column":12},"end":{"line":51,"column":74}},"14":{"start":{"line":66,"column":6},"end":{"line":66,"column":1809}}},"branchMap":{"1":{"line":41,"type":"if","locations":[{"start":{"line":41,"column":8},"end":{"line":41,"column":8}},{"start":{"line":41,"column":8},"end":{"line":41,"column":8}}]},"2":{"line":47,"type":"if","locations":[{"start":{"line":47,"column":8},"end":{"line":47,"column":8}},{"start":{"line":47,"column":8},"end":{"line":47,"column":8}}]}}}}